<?xml version="1.0" encoding="UTF-8"?>
<!-- Generated by org.testng.reporters.JUnitXMLReporter -->
<testsuite ignored="0" hostname="naresh.local" failures="0" tests="4" name="Default test" time="124.528" errors="0" timestamp="2023-06-08T15:48:49 IST">
  <testcase classname="project1.Carouselverify" name="CarouseNextButtonCheck" time="24.052"/>
  <testcase classname="project1.Carouselverify" name="CarouselBackButtonTest" time="21.599"/>
  <testcase classname="project1.Carouselverify" name="MenSectionValidateCategory" time="33.712"/>
  <testcase classname="project1.Carouselverify" name="getProductdetails" time="25.447"/>
</testsuite> <!-- Default test -->
