<?xml version="1.0" encoding="UTF-8"?>
<!-- Generated by org.testng.reporters.JUnitXMLReporter -->
<testsuite ignored="0" hostname="naresh.local" failures="0" tests="4" name="CarouselVerifyTest" time="97.218" errors="0" timestamp="2023-06-08T10:41:01 IST">
  <testcase classname="project1.Carouselverify" name="CarouseNextButtonCheck" time="18.194"/>
  <testcase classname="project1.Carouselverify" name="CarouselBackButtonTest" time="18.231"/>
  <testcase classname="project1.Carouselverify" name="MenSectionValidateCategory" time="29.025"/>
  <testcase classname="project1.Carouselverify" name="getProductdetails" time="20.844"/>
</testsuite> <!-- CarouselVerifyTest -->
