<?xml version="1.0" encoding="UTF-8"?>
<!-- Generated by org.testng.reporters.JUnitXMLReporter -->
<testsuite ignored="0" hostname="naresh.local" failures="0" tests="2" name="SearchFunctionalityTest" time="60.808" errors="0" timestamp="2023-06-08T10:39:24 IST">
  <testcase classname="project1.SearchFunctionalityTest" name="applyFilterThemes" time="28.734"/>
  <testcase classname="project1.SearchFunctionalityTest" name="searchProduct" time="15.024"/>
</testsuite> <!-- SearchFunctionalityTest -->
