<?xml version="1.0" encoding="UTF-8"?>
<testng-results ignored="0" total="4" passed="4" failed="0" skipped="0">
  <reporter-output>
  </reporter-output>
  <suite started-at="2023-06-08T15:46:44 IST" name="Default suite" finished-at="2023-06-08T15:48:49 IST" duration-ms="124528">
    <groups>
    </groups>
    <test started-at="2023-06-08T15:46:44 IST" name="Default test" finished-at="2023-06-08T15:48:49 IST" duration-ms="124528">
      <class name="project1.Carouselverify">
        <test-method is-config="true" signature="setUp()[pri:0, instance:project1.Carouselverify@3b956878]" started-at="2023-06-08T15:46:44 IST" name="setUp" finished-at="2023-06-08T15:46:45 IST" duration-ms="365" status="PASS">
          <reporter-output>
          </reporter-output>
        </test-method> <!-- setUp -->
        <test-method is-config="true" signature="browserOpen()[pri:0, instance:project1.Carouselverify@3b956878]" started-at="2023-06-08T15:46:45 IST" name="browserOpen" finished-at="2023-06-08T15:46:51 IST" duration-ms="6687" status="PASS">
          <reporter-output>
          </reporter-output>
        </test-method> <!-- browserOpen -->
        <test-method signature="CarouseNextButtonCheck()[pri:0, instance:project1.Carouselverify@3b956878]" started-at="2023-06-08T15:46:51 IST" name="CarouseNextButtonCheck" finished-at="2023-06-08T15:47:15 IST" duration-ms="24052" status="PASS">
          <reporter-output>
          </reporter-output>
        </test-method> <!-- CarouseNextButtonCheck -->
        <test-method is-config="true" signature="closeBrowser()[pri:0, instance:project1.Carouselverify@3b956878]" started-at="2023-06-08T15:47:15 IST" name="closeBrowser" finished-at="2023-06-08T15:47:16 IST" duration-ms="424" status="PASS">
          <reporter-output>
          </reporter-output>
        </test-method> <!-- closeBrowser -->
        <test-method is-config="true" signature="browserOpen()[pri:0, instance:project1.Carouselverify@3b956878]" started-at="2023-06-08T15:47:16 IST" name="browserOpen" finished-at="2023-06-08T15:47:19 IST" duration-ms="3274" status="PASS">
          <reporter-output>
          </reporter-output>
        </test-method> <!-- browserOpen -->
        <test-method signature="CarouselBackButtonTest()[pri:0, instance:project1.Carouselverify@3b956878]" started-at="2023-06-08T15:47:19 IST" name="CarouselBackButtonTest" finished-at="2023-06-08T15:47:41 IST" duration-ms="21599" status="PASS">
          <reporter-output>
          </reporter-output>
        </test-method> <!-- CarouselBackButtonTest -->
        <test-method is-config="true" signature="closeBrowser()[pri:0, instance:project1.Carouselverify@3b956878]" started-at="2023-06-08T15:47:41 IST" name="closeBrowser" finished-at="2023-06-08T15:47:41 IST" duration-ms="297" status="PASS">
          <reporter-output>
          </reporter-output>
        </test-method> <!-- closeBrowser -->
        <test-method is-config="true" signature="browserOpen()[pri:0, instance:project1.Carouselverify@3b956878]" started-at="2023-06-08T15:47:41 IST" name="browserOpen" finished-at="2023-06-08T15:47:45 IST" duration-ms="3598" status="PASS">
          <reporter-output>
          </reporter-output>
        </test-method> <!-- browserOpen -->
        <test-method signature="MenSectionValidateCategory()[pri:0, instance:project1.Carouselverify@3b956878]" started-at="2023-06-08T15:47:45 IST" name="MenSectionValidateCategory" finished-at="2023-06-08T15:48:18 IST" duration-ms="33712" status="PASS">
          <reporter-output>
          </reporter-output>
        </test-method> <!-- MenSectionValidateCategory -->
        <test-method is-config="true" signature="closeBrowser()[pri:0, instance:project1.Carouselverify@3b956878]" started-at="2023-06-08T15:48:18 IST" name="closeBrowser" finished-at="2023-06-08T15:48:19 IST" duration-ms="410" status="PASS">
          <reporter-output>
          </reporter-output>
        </test-method> <!-- closeBrowser -->
        <test-method is-config="true" signature="browserOpen()[pri:0, instance:project1.Carouselverify@3b956878]" started-at="2023-06-08T15:48:19 IST" name="browserOpen" finished-at="2023-06-08T15:48:22 IST" duration-ms="3430" status="PASS">
          <reporter-output>
          </reporter-output>
        </test-method> <!-- browserOpen -->
        <test-method signature="getProductdetails()[pri:0, instance:project1.Carouselverify@3b956878]" started-at="2023-06-08T15:48:22 IST" name="getProductdetails" finished-at="2023-06-08T15:48:48 IST" duration-ms="25447" status="PASS">
          <reporter-output>
          </reporter-output>
        </test-method> <!-- getProductdetails -->
        <test-method is-config="true" signature="closeBrowser()[pri:0, instance:project1.Carouselverify@3b956878]" started-at="2023-06-08T15:48:48 IST" name="closeBrowser" finished-at="2023-06-08T15:48:48 IST" duration-ms="341" status="PASS">
          <reporter-output>
          </reporter-output>
        </test-method> <!-- closeBrowser -->
        <test-method is-config="true" signature="tearDown()[pri:0, instance:project1.Carouselverify@3b956878]" started-at="2023-06-08T15:48:48 IST" name="tearDown" finished-at="2023-06-08T15:48:49 IST" duration-ms="819" status="PASS">
          <reporter-output>
          </reporter-output>
        </test-method> <!-- tearDown -->
      </class> <!-- project1.Carouselverify -->
    </test> <!-- Default test -->
  </suite> <!-- Default suite -->
</testng-results>
